<?xml version="1.0" encoding="UTF-8"?>
<!-- Generated by org.testng.reporters.JUnitReportReporter -->
<testsuite hostname="DESKTOP-5QPL10C" failures="0" tests="1" name="hrmTestCase.LoginTest" time="3.749" errors="0" timestamp="2023-12-27T10:19:03 IST" skipped="0">
  <testcase classname="hrmTestCase.LoginTest" name="verifyLogin" time="3.749"/>
</testsuite> <!-- hrmTestCase.LoginTest -->
